2022-12-18 19:35:30 WARN  Task2: 116 - warn - Enter your text:
2022-12-18 19:35:30 ERROR Task2: 117 - error - Enter your text:
2022-12-18 19:35:40 ERROR Task2: 26 - Your entered text 'I like Java' doesn't contain that end of substring - 2
2022-12-18 19:35:41 ERROR Task2: 40 - Your entered text 'I like Java' doesn't contain that start of substring - 3
2022-12-18 19:35:42 ERROR Task2: 54 - Your entered text 'I like Java' doesn't contain substring - 4
2022-12-18 19:35:42 ERROR Task2: 68 - Your entered text 'I like Java' doesn't contain substring - 5
2022-12-18 19:35:43 ERROR Task2: 84 - Your entered text 'I like Java' doesn't contain symbol '6' for replacing
2022-12-18 19:39:54 FATAL Task3: 51 - ===========
2022-12-18 19:39:54 FATAL Task3: 53 - ===========
2022-12-18 19:40:31 FATAL Task3: 51 - ===========
2022-12-18 19:40:31 FATAL Task3: 53 - ===========
2022-12-18 19:40:37 FATAL Task3: 51 - ===========
2022-12-18 19:40:37 FATAL Task3: 53 - ===========
2022-12-18 19:40:41 FATAL Task3: 51 - ===========
2022-12-18 19:40:41 FATAL Task3: 53 - ===========
2022-12-18 19:41:00 FATAL Task3: 51 - ===========
2022-12-18 19:41:00 FATAL Task3: 53 - ===========
2022-12-18 19:41:02 FATAL Task3: 51 - ===========
2022-12-18 19:41:02 FATAL Task3: 53 - ===========
2022-12-18 19:46:05 FATAL Task3: 61 - ===========
2022-12-18 19:46:05 FATAL Task3: 63 - ===========
2022-12-18 19:46:14 FATAL Task3: 61 - ===========
2022-12-18 19:46:14 FATAL Task3: 63 - ===========
2022-12-18 19:46:21 FATAL Task3: 61 - ===========
2022-12-18 19:46:21 FATAL Task3: 63 - ===========
2022-12-18 19:55:41 FATAL Task3: 61 - ===========
2022-12-18 19:55:41 FATAL Task3: 63 - ===========
2022-12-18 19:55:44 FATAL Task3: 61 - ===========
2022-12-18 19:55:44 FATAL Task3: 63 - ===========
2022-12-18 19:55:48 FATAL Task3: 61 - ===========
2022-12-18 19:55:48 FATAL Task3: 63 - ===========
2022-12-18 19:56:38 FATAL Task3: 61 - ===========
2022-12-18 19:56:38 FATAL Task3: 63 - ===========
2022-12-18 19:56:46 FATAL Task3: 61 - ===========
2022-12-18 19:56:46 FATAL Task3: 63 - ===========
2022-12-18 19:56:57 FATAL Task3: 61 - ===========
2022-12-18 19:56:57 FATAL Task3: 63 - ===========
2022-12-18 19:57:11 FATAL Task3: 61 - ===========
2022-12-18 19:57:11 FATAL Task3: 63 - ===========
2022-12-18 19:57:24 FATAL Task3: 61 - ===========
2022-12-18 19:57:24 FATAL Task3: 63 - ===========
