2022-12-18 19:35:30 Task2 [ERROR] error - Enter your text:
2022-12-18 19:35:40 Task2 [ERROR] Your entered text 'I like Java' doesn't contain that end of substring - 2
2022-12-18 19:35:41 Task2 [ERROR] Your entered text 'I like Java' doesn't contain that start of substring - 3
2022-12-18 19:35:42 Task2 [ERROR] Your entered text 'I like Java' doesn't contain substring - 4
2022-12-18 19:35:42 Task2 [ERROR] Your entered text 'I like Java' doesn't contain substring - 5
2022-12-18 19:35:43 Task2 [ERROR] Your entered text 'I like Java' doesn't contain symbol '6' for replacing
2022-12-18 19:39:54 Task3 [FATAL] ===========
2022-12-18 19:39:54 Task3 [FATAL] ===========
2022-12-18 19:40:31 Task3 [FATAL] ===========
2022-12-18 19:40:31 Task3 [FATAL] ===========
2022-12-18 19:40:37 Task3 [FATAL] ===========
2022-12-18 19:40:37 Task3 [FATAL] ===========
2022-12-18 19:40:41 Task3 [FATAL] ===========
2022-12-18 19:40:41 Task3 [FATAL] ===========
2022-12-18 19:41:00 Task3 [FATAL] ===========
2022-12-18 19:41:00 Task3 [FATAL] ===========
2022-12-18 19:41:02 Task3 [FATAL] ===========
2022-12-18 19:41:02 Task3 [FATAL] ===========
2022-12-18 19:46:05 Task3 [FATAL] ===========
2022-12-18 19:46:05 Task3 [FATAL] ===========
2022-12-18 19:46:14 Task3 [FATAL] ===========
2022-12-18 19:46:14 Task3 [FATAL] ===========
2022-12-18 19:46:21 Task3 [FATAL] ===========
2022-12-18 19:46:21 Task3 [FATAL] ===========
2022-12-18 19:55:41 Task3 [FATAL] ===========
2022-12-18 19:55:41 Task3 [FATAL] ===========
2022-12-18 19:55:44 Task3 [FATAL] ===========
2022-12-18 19:55:44 Task3 [FATAL] ===========
2022-12-18 19:55:48 Task3 [FATAL] ===========
2022-12-18 19:55:48 Task3 [FATAL] ===========
2022-12-18 19:56:38 Task3 [FATAL] ===========
2022-12-18 19:56:38 Task3 [FATAL] ===========
2022-12-18 19:56:46 Task3 [FATAL] ===========
2022-12-18 19:56:46 Task3 [FATAL] ===========
2022-12-18 19:56:57 Task3 [FATAL] ===========
2022-12-18 19:56:57 Task3 [FATAL] ===========
2022-12-18 19:57:11 Task3 [FATAL] ===========
2022-12-18 19:57:11 Task3 [FATAL] ===========
2022-12-18 19:57:24 Task3 [FATAL] ===========
2022-12-18 19:57:24 Task3 [FATAL] ===========
